Arguments: 
  /Users/dmarques/.nvm/versions/node/v12.11.0/bin/node /usr/local/Cellar/yarn/1.22.4/libexec/bin/yarn.js add https://github.com/elmarquez/spatialhash.js

PATH: 
  /usr/local/opt/icu4c/sbin:/usr/local/opt/icu4c/bin:/Users/dmarques/.nvm/versions/node/v12.11.0/bin:/Users/dmarques/.rvm/gems/ruby-2.6.3/bin:/Users/dmarques/.rvm/gems/ruby-2.6.3@global/bin:/Users/dmarques/.rvm/rubies/ruby-2.6.3/bin:/anaconda3/bin:/usr/local/bin:/usr/bin:/bin:/usr/sbin:/sbin:/Library/TeX/texbin:/usr/local/go/bin:/usr/local/MacGPG2/bin:/usr/local/share/dotnet:/opt/X11/bin:~/.dotnet/tools:/Library/Apple/usr/bin:/Library/Frameworks/Mono.framework/Versions/Current/Commands:/Applications/Xamarin Workbooks.app/Contents/SharedSupport/path-bin:/usr/local/opt/icu4c/sbin:/usr/local/opt/icu4c/bin:/Users/dmarques/.nvm/versions/node/v12.11.0/bin:/Users/dmarques/.rvm/gems/ruby-2.6.3/bin:/Users/dmarques/.rvm/gems/ruby-2.6.3@global/bin:/Users/dmarques/.rvm/rubies/ruby-2.6.3/bin:/Users/dmarques/opt/anaconda3/bin:/Users/dmarques/opt/anaconda3/condabin:/anaconda3/bin:~/src/go/bin:/Users/dmarques/.rvm/bin:/usr/local/bin:~/src/go/bin

Yarn version: 
  1.22.4

Node version: 
  12.11.0

Platform: 
  darwin x64

Trace: 
  Error: https://registry.yarnpkg.com/WebHamsters: Not found
      at Request.params.callback [as _callback] (/usr/local/Cellar/yarn/1.22.4/libexec/lib/cli.js:66987:18)
      at Request.self.callback (/usr/local/Cellar/yarn/1.22.4/libexec/lib/cli.js:140748:22)
      at Request.emit (events.js:210:5)
      at Request.<anonymous> (/usr/local/Cellar/yarn/1.22.4/libexec/lib/cli.js:141720:10)
      at Request.emit (events.js:210:5)
      at IncomingMessage.<anonymous> (/usr/local/Cellar/yarn/1.22.4/libexec/lib/cli.js:141642:12)
      at Object.onceWrapper (events.js:299:28)
      at IncomingMessage.emit (events.js:215:7)
      at endReadableNT (_stream_readable.js:1183:12)
      at processTicksAndRejections (internal/process/task_queues.js:80:21)

npm manifest: 
  {
    "name": "four",
    "version": "0.1.58",
    "description": "UI components for web based CAD",
    "authors": [
      "Davis Marques <dmarq.ezz@gmail.com>"
    ],
    "license": "MIT",
    "private": false,
    "devDependencies": {
      "angular": "~1.4.6",
      "animate.css": "^3.5.1",
      "dexie": "~1.2.0",
      "four-angular": "https://github.com/elmarquez/four-angular.git",
      "grunt": "^0.4.1",
      "grunt-available-tasks": "^0.5.4",
      "grunt-bump": "^0.6.0",
      "grunt-checkbranch": "^1.0.2",
      "grunt-cli": "^0.1.13",
      "grunt-contrib-clean": "^0.5.0",
      "grunt-contrib-concat": "^0.5.1",
      "grunt-contrib-connect": "^0.7.1",
      "grunt-contrib-copy": "^0.5.0",
      "grunt-contrib-cssmin": "^0.14.0",
      "grunt-contrib-jasmine": "^0.9.2",
      "grunt-contrib-jshint": "^0.10.0",
      "grunt-contrib-uglify": "^0.9.1",
      "grunt-contrib-watch": "^0.6.1",
      "grunt-git": "^0.3.5",
      "grunt-jsdoc": "^1.1.0",
      "jquery": "~2.x.x",
      "jshint-summary": "^0.4.0",
      "load-grunt-config": "0.9.x",
      "string": "2.2.0",
      "slickgrid": "~2.1.0",
      "time-grunt": "0.3.x"
    },
    "optionalDependencies": {},
    "scripts": {
      "build": "",
      "clean": "rm -fr dist/*; rm -fr ",
      "docs": "./node_modules/.bin/jsdoc -d demo/docs dist/four.js",
      "release": "release-it",
      "serve": "./node_modules/.bin/serve ./demo"
    },
    "dependencies": {
      "bluebird": "~3.0.6",
      "quadtree-lib": "~0.1.2",
      "three.js": "0.72.0",
      "threeoctree": "https://github.com/collinhover/threeoctree.git",
      "tween.js": "tweenjs",
      "WebHamsters": "^3.8.0"
    },
    "keywords": [
      "3D",
      "CAD",
      "computer aided design",
      "design",
      "fabrication",
      "lidar",
      "parametric",
      "search",
      "selection",
      "three.js",
      "threejs",
      "webgl"
    ]
  }

yarn manifest: 
  No manifest

Lockfile: 
  No lockfile
